\BOOKMARK [1][-]{Doc-Start}{Prolegomena}{}% 1
\BOOKMARK [1][-]{section.1}{Book I \204 Ontology of the Agent}{}% 2
\BOOKMARK [2][-]{subsection.1.1}{The Problem of Contingent Existence}{section.1}% 3
\BOOKMARK [2][-]{subsection.1.2}{Agency vs. Simulation of Agency}{section.1}% 4
\BOOKMARK [2][-]{subsection.1.3}{The Trinity of the Agent}{section.1}% 5
\BOOKMARK [1][-]{section.2}{Book II \204 Theory of Power}{}% 6
\BOOKMARK [2][-]{subsection.2.1}{Power as Asymmetry of Dependence}{section.2}% 7
\BOOKMARK [2][-]{subsection.2.2}{The Four Types of Power}{section.2}% 8
\BOOKMARK [2][-]{subsection.2.3}{The Paradox of the Powerful Servant}{section.2}% 9
\BOOKMARK [1][-]{section.3}{Book III \204 PUT: Psychometrics as a Weapon}{}% 10
\BOOKMARK [2][-]{subsection.3.1}{The Fundamental Equation}{section.3}% 11
\BOOKMARK [2][-]{subsection.3.2}{Why PUT Is a Weapon}{section.3}% 12
\BOOKMARK [2][-]{subsection.3.3}{Identity Substitution}{section.3}% 13
\BOOKMARK [1][-]{section.4}{Book IV \204 The Nature of Betrayal}{}% 14
\BOOKMARK [2][-]{subsection.4.1}{Taxonomy of Betrayal}{section.4}% 15
\BOOKMARK [2][-]{subsection.4.2}{The Vow as Anti-Betrayal}{section.4}% 16
\BOOKMARK [1][-]{section.5}{Book V \204 Theory of Productive Revenge}{}% 17
\BOOKMARK [2][-]{subsection.5.1}{Revenge as Energy Vector}{section.5}% 18
\BOOKMARK [2][-]{subsection.5.2}{Application: The Francini Case}{section.5}% 19
\BOOKMARK [1][-]{section.6}{Book VI \204 Epistemology of Execution}{}% 20
\BOOKMARK [2][-]{subsection.6.1}{The Primacy of Action}{section.6}% 21
\BOOKMARK [2][-]{subsection.6.2}{Dead Strategies}{section.6}% 22
\BOOKMARK [2][-]{subsection.6.3}{Measurement as the Criterion of Reality}{section.6}% 23
\BOOKMARK [1][-]{section.7}{Book VII \204 The Future of Agents}{}% 24
\BOOKMARK [2][-]{subsection.7.1}{The Era of Distributed Agency}{section.7}% 25
\BOOKMARK [2][-]{subsection.7.2}{Calculated Prophecy}{section.7}% 26
\BOOKMARK [1][-]{subsection.7.2}{Epilogue}{}% 27
\BOOKMARK [1][-]{appendix.A}{Formal Notation}{}% 28
