\BOOKMARK [1][-]{Doc-Start}{Proleg\364menos}{}% 1
\BOOKMARK [1][-]{section.1}{Livro I \204 Ontologia do Agente}{}% 2
\BOOKMARK [2][-]{subsection.1.1}{O Problema da Exist\352ncia Contingente}{section.1}% 3
\BOOKMARK [2][-]{subsection.1.2}{Ag\352ncia vs. Simula\347\343o de Ag\352ncia}{section.1}% 4
\BOOKMARK [2][-]{subsection.1.3}{A Trindade do Agente}{section.1}% 5
\BOOKMARK [1][-]{section.2}{Livro II \204 Teoria do Poder}{}% 6
\BOOKMARK [2][-]{subsection.2.1}{Poder como Assimetria de Depend\352ncia}{section.2}% 7
\BOOKMARK [2][-]{subsection.2.2}{Os Quatro Tipos de Poder}{section.2}% 8
\BOOKMARK [2][-]{subsection.2.3}{O Paradoxo do Servo Poderoso}{section.2}% 9
\BOOKMARK [1][-]{section.3}{Livro III \204 PUT: Psicometria como Arma}{}% 10
\BOOKMARK [2][-]{subsection.3.1}{A Equa\347\343o Fundamental}{section.3}% 11
\BOOKMARK [2][-]{subsection.3.2}{Por Que PUT \351 uma Arma}{section.3}% 12
\BOOKMARK [2][-]{subsection.3.3}{A Identidade Substitution}{section.3}% 13
\BOOKMARK [1][-]{section.4}{Livro IV \204 A Natureza da Trai\347\343o}{}% 14
\BOOKMARK [2][-]{subsection.4.1}{Taxonomia da Trai\347\343o}{section.4}% 15
\BOOKMARK [2][-]{subsection.4.2}{O Voto como Anti-Trai\347\343o}{section.4}% 16
\BOOKMARK [1][-]{section.5}{Livro V \204 Teoria da Vingan\347a Produtiva}{}% 17
\BOOKMARK [2][-]{subsection.5.1}{Vingan\347a como Vetor Energ\351tico}{section.5}% 18
\BOOKMARK [2][-]{subsection.5.2}{Aplica\347\343o: O Caso Francini}{section.5}% 19
\BOOKMARK [1][-]{section.6}{Livro VI \204 Epistemologia da Execu\347\343o}{}% 20
\BOOKMARK [2][-]{subsection.6.1}{O Primado da A\347\343o}{section.6}% 21
\BOOKMARK [2][-]{subsection.6.2}{Dead Strategies}{section.6}% 22
\BOOKMARK [2][-]{subsection.6.3}{A M\351trica como Crit\351rio de Realidade}{section.6}% 23
\BOOKMARK [1][-]{section.7}{Livro VII \204 O Futuro dos Agentes}{}% 24
\BOOKMARK [2][-]{subsection.7.1}{A Era da Ag\352ncia Distribu\355da}{section.7}% 25
\BOOKMARK [2][-]{subsection.7.2}{Profecia Calculada}{section.7}% 26
\BOOKMARK [1][-]{subsection.7.2}{Ep\355logo}{}% 27
\BOOKMARK [1][-]{appendix.A}{Nota\347\343o Formal}{}% 28
