\BOOKMARK [1][-]{section.1}{Introduction: The Failure of Rational Agency}{}% 1
\BOOKMARK [2][-]{subsection.1.1}{The Problem}{section.1}% 2
\BOOKMARK [2][-]{subsection.1.2}{The PUT Response}{section.1}% 3
\BOOKMARK [1][-]{section.2}{Axioms}{}% 4
\BOOKMARK [2][-]{subsection.2.1}{Philosophical Commentary}{section.2}% 5
\BOOKMARK [1][-]{section.3}{The Utility Function}{}% 6
\BOOKMARK [2][-]{subsection.3.1}{Term-by-Term Analysis}{section.3}% 7
\BOOKMARK [1][-]{section.4}{The Operators}{}% 8
\BOOKMARK [1][-]{section.5}{The Dynamical System}{}% 9
\BOOKMARK [2][-]{subsection.5.1}{Phase Portrait Analysis}{section.5}% 10
\BOOKMARK [1][-]{section.6}{The Ignition Theorem}{}% 11
\BOOKMARK [1][-]{section.7}{The Thermodynamics of the Psyche}{}% 12
\BOOKMARK [1][-]{section.8}{Applications}{}% 13
\BOOKMARK [2][-]{subsection.8.1}{Behavioral Prediction: The Betrayer's Profile}{section.8}% 14
\BOOKMARK [2][-]{subsection.8.2}{The Survivor's Equation}{section.8}% 15
\BOOKMARK [2][-]{subsection.8.3}{Artificial Agent Design}{section.8}% 16
\BOOKMARK [1][-]{section.9}{On Power}{}% 17
\BOOKMARK [1][-]{section.10}{The Case for Revenge as Strategy}{}% 18
\BOOKMARK [1][-]{section.11}{Conclusions and Open Problems}{}% 19
\BOOKMARK [2][-]{subsection.11.1}{Open Problems}{section.11}% 20
\BOOKMARK [1][-]{appendix.A}{Complete Parameter Reference}{}% 21
\BOOKMARK [1][-]{appendix.B}{The Wave Agent: A PUT-Native Mind}{}% 22
